<?xml version="1.0" encoding="UTF-8"?>
<!-- Generated by org.testng.reporters.JUnitReportReporter -->
<testsuite hostname="DESKTOP-8BE00L8" failures="0" tests="1" name="com.mindtree.runner.BigSmallRunner" time="20.020" errors="0" timestamp="2021-11-20T12:03:35 IST" skipped="0">
  <testcase classname="com.mindtree.runner.BigSmallRunner" name="removeFromCartValidation" time="20.020"/>
  <system-out/>
</testsuite> <!-- com.mindtree.runner.BigSmallRunner -->
