<?xml version="1.0" encoding="UTF-8"?>
<!-- Generated by org.testng.reporters.JUnitReportReporter -->
<testsuite hostname="DESKTOP-8BE00L8" failures="0" tests="10" name="com.mindtree.runner.BigSmallRunner" time="250.552" errors="0" timestamp="2021-11-18T17:13:58 IST" skipped="0">
  <testcase classname="com.mindtree.runner.BigSmallRunner" name="textBoxProductValidation" time="29.067"/>
  <system-out/>
  <testcase classname="com.mindtree.runner.BigSmallRunner" name="marvelPage" time="26.509"/>
  <system-out/>
  <testcase classname="com.mindtree.runner.BigSmallRunner" name="countingLinks" time="18.258"/>
  <system-out/>
  <testcase classname="com.mindtree.runner.BigSmallRunner" name="signinValidation" time="26.308"/>
  <system-out/>
  <testcase classname="com.mindtree.runner.BigSmallRunner" name="addToCartValidation" time="24.531"/>
  <system-out/>
  <testcase classname="com.mindtree.runner.BigSmallRunner" name="removeFromCartValidation" time="23.437"/>
  <system-out/>
  <testcase classname="com.mindtree.runner.BigSmallRunner" name="corporateGiftsValidation" time="21.845"/>
  <system-out/>
  <testcase classname="com.mindtree.runner.BigSmallRunner" name="personalizedGiftsValidation" time="31.152"/>
  <system-out/>
  <testcase classname="com.mindtree.runner.BigSmallRunner" name="wishlistProductRemovalValidation" time="27.960"/>
  <system-out/>
  <testcase classname="com.mindtree.runner.BigSmallRunner" name="dropdown" time="21.485"/>
  <system-out/>
</testsuite> <!-- com.mindtree.runner.BigSmallRunner -->
