<?xml version="1.0" encoding="UTF-8"?>
<!-- Generated by org.testng.reporters.JUnitReportReporter -->
<testsuite skipped="0" hostname="DESKTOP-8BE00L8" name="com.mindtree.runner.BigSmallRunner" tests="12" failures="0" timestamp="2021-11-21T12:10:16 IST" time="518.338" errors="0">
  <testcase name="corporateGiftsValidation" time="41.791" classname="com.mindtree.runner.BigSmallRunner"/>
  <system-out/>
  <testcase name="countingLinks" time="28.043" classname="com.mindtree.runner.BigSmallRunner"/>
  <system-out/>
  <testcase name="textBoxValidation" time="35.202" classname="com.mindtree.runner.BigSmallRunner"/>
  <system-out/>
  <testcase name="signinValidation" time="32.953" classname="com.mindtree.runner.BigSmallRunner"/>
  <system-out/>
  <testcase name="wishlistProductRemovalValidation" time="61.603" classname="com.mindtree.runner.BigSmallRunner"/>
  <system-out/>
  <testcase name="textBoxValidation" time="32.286" classname="com.mindtree.runner.BigSmallRunner"/>
  <system-out/>
  <testcase name="personalizedGiftsValidation" time="30.432" classname="com.mindtree.runner.BigSmallRunner"/>
  <system-out/>
  <testcase name="textBoxValidation" time="32.059" classname="com.mindtree.runner.BigSmallRunner"/>
  <system-out/>
  <testcase name="marvelPage" time="41.486" classname="com.mindtree.runner.BigSmallRunner"/>
  <system-out/>
  <testcase name="addAndRemoveFromCartValidation" time="48.797" classname="com.mindtree.runner.BigSmallRunner"/>
  <system-out/>
  <testcase name="addToWishListValidation" time="70.736" classname="com.mindtree.runner.BigSmallRunner"/>
  <system-out/>
  <testcase name="dropdown" time="62.950" classname="com.mindtree.runner.BigSmallRunner"/>
  <system-out/>
</testsuite> <!-- com.mindtree.runner.BigSmallRunner -->
