<?xml version="1.0" encoding="UTF-8"?>
<!-- Generated by org.testng.reporters.JUnitReportReporter -->
<testsuite hostname="DESKTOP-8BE00L8" failures="0" tests="12" name="com.mindtree.runner.BigSmallRunner" time="292.345" errors="0" timestamp="2021-11-22T12:18:36 IST" skipped="0">
  <testcase classname="com.mindtree.runner.BigSmallRunner" name="dropdown" time="33.183"/>
  <system-out/>
  <testcase classname="com.mindtree.runner.BigSmallRunner" name="addToWishListValidation" time="32.530"/>
  <system-out/>
  <testcase classname="com.mindtree.runner.BigSmallRunner" name="signinValidation" time="20.150"/>
  <system-out/>
  <testcase classname="com.mindtree.runner.BigSmallRunner" name="wishlistProductRemovalValidation" time="29.021"/>
  <system-out/>
  <testcase classname="com.mindtree.runner.BigSmallRunner" name="personalizedGiftsValidation" time="26.512"/>
  <system-out/>
  <testcase classname="com.mindtree.runner.BigSmallRunner" name="textBoxValidation" time="17.469"/>
  <system-out/>
  <testcase classname="com.mindtree.runner.BigSmallRunner" name="textBoxValidation" time="22.033"/>
  <system-out/>
  <testcase classname="com.mindtree.runner.BigSmallRunner" name="textBoxValidation" time="16.289"/>
  <system-out/>
  <testcase classname="com.mindtree.runner.BigSmallRunner" name="addAndRemoveFromCartValidation" time="23.052"/>
  <system-out/>
  <testcase classname="com.mindtree.runner.BigSmallRunner" name="countingLinks" time="23.668"/>
  <system-out/>
  <testcase classname="com.mindtree.runner.BigSmallRunner" name="corporateGiftsValidation" time="20.814"/>
  <system-out/>
  <testcase classname="com.mindtree.runner.BigSmallRunner" name="marvelPage" time="27.624"/>
  <system-out/>
</testsuite> <!-- com.mindtree.runner.BigSmallRunner -->
