<?xml version="1.0" encoding="UTF-8"?>
<!-- Generated by org.testng.reporters.JUnitReportReporter -->
<testsuite hostname="DESKTOP-8BE00L8" failures="0" tests="10" name="com.mindtree.runner.BigSmallRunner" time="254.599" errors="0" timestamp="2021-11-18T18:10:34 IST" skipped="0">
  <testcase classname="com.mindtree.runner.BigSmallRunner" name="dropdown" time="27.219"/>
  <system-out/>
  <testcase classname="com.mindtree.runner.BigSmallRunner" name="textBoxProductValidation" time="34.486"/>
  <system-out/>
  <testcase classname="com.mindtree.runner.BigSmallRunner" name="countingLinks" time="10.324"/>
  <system-out/>
  <testcase classname="com.mindtree.runner.BigSmallRunner" name="personalizedGiftsValidation" time="28.413"/>
  <system-out/>
  <testcase classname="com.mindtree.runner.BigSmallRunner" name="signinValidation" time="23.183"/>
  <system-out/>
  <testcase classname="com.mindtree.runner.BigSmallRunner" name="marvelPage" time="25.025"/>
  <system-out/>
  <testcase classname="com.mindtree.runner.BigSmallRunner" name="corporateGiftsValidation" time="24.205"/>
  <system-out/>
  <testcase classname="com.mindtree.runner.BigSmallRunner" name="addToCartValidation" time="21.886"/>
  <system-out/>
  <testcase classname="com.mindtree.runner.BigSmallRunner" name="removeFromCartValidation" time="28.118"/>
  <system-out/>
  <testcase classname="com.mindtree.runner.BigSmallRunner" name="wishlistProductRemovalValidation" time="31.740"/>
  <system-out/>
</testsuite> <!-- com.mindtree.runner.BigSmallRunner -->
