<?xml version="1.0" encoding="UTF-8"?>
<!-- Generated by org.testng.reporters.JUnitReportReporter -->
<testsuite hostname="DESKTOP-8BE00L8" failures="0" tests="12" name="com.mindtree.runner.BigSmallRunner" time="273.711" errors="0" timestamp="2021-11-20T18:20:54 IST" skipped="0">
  <testcase classname="com.mindtree.runner.BigSmallRunner" name="countingLinks" time="12.331"/>
  <system-out/>
  <testcase classname="com.mindtree.runner.BigSmallRunner" name="textBoxValidation" time="18.645"/>
  <system-out/>
  <testcase classname="com.mindtree.runner.BigSmallRunner" name="wishlistProductRemovalValidation" time="31.416"/>
  <system-out/>
  <testcase classname="com.mindtree.runner.BigSmallRunner" name="marvelPage" time="21.137"/>
  <system-out/>
  <testcase classname="com.mindtree.runner.BigSmallRunner" name="dropdown" time="31.203"/>
  <system-out/>
  <testcase classname="com.mindtree.runner.BigSmallRunner" name="corporateGiftsValidation" time="20.608"/>
  <system-out/>
  <testcase classname="com.mindtree.runner.BigSmallRunner" name="signinValidation" time="22.215"/>
  <system-out/>
  <testcase classname="com.mindtree.runner.BigSmallRunner" name="textBoxValidation" time="16.175"/>
  <system-out/>
  <testcase classname="com.mindtree.runner.BigSmallRunner" name="addToWishListValidation" time="26.413"/>
  <system-out/>
  <testcase classname="com.mindtree.runner.BigSmallRunner" name="addAndRemoveFromCartValidation" time="27.895"/>
  <system-out/>
  <testcase classname="com.mindtree.runner.BigSmallRunner" name="personalizedGiftsValidation" time="32.518"/>
  <system-out/>
  <testcase classname="com.mindtree.runner.BigSmallRunner" name="textBoxValidation" time="13.155"/>
  <system-out/>
</testsuite> <!-- com.mindtree.runner.BigSmallRunner -->
